2017-05-22 20:29:12.247  INFO 4228 --- [main] com.sinosteel.FrameworkApplication       : Starting FrameworkApplication v1.0.0 on DESKTOP-8UVM6RB with PID 4228 (E:\Java\projects\framework\target\framework-1.0.0.jar started by DimitriZhao in E:\Java\projects\framework\target)
2017-05-22 20:29:12.290  INFO 4228 --- [main] com.sinosteel.FrameworkApplication       : No active profile set, falling back to default profiles: default
2017-05-22 20:29:12.683  INFO 4228 --- [main] ationConfigEmbeddedWebApplicationContext : Refreshing org.springframework.boot.context.embedded.AnnotationConfigEmbeddedWebApplicationContext@78dd7907: startup date [Mon May 22 20:29:12 CST 2017]; root of context hierarchy
2017-05-22 20:29:17.918  INFO 4228 --- [main] trationDelegate$BeanPostProcessorChecker : Bean 'shiroConfig' of type [class com.sinosteel.framework.config.shiro.ShiroConfig$$EnhancerBySpringCGLIB$$fc941857] is not eligible for getting processed by all BeanPostProcessors (for example: not eligible for auto-proxying)
2017-05-22 20:29:19.321  INFO 4228 --- [main] trationDelegate$BeanPostProcessorChecker : Bean 'subjectFactory' of type [class com.sinosteel.framework.core.auth.StatelessDefaultSubjectFactory] is not eligible for getting processed by all BeanPostProcessors (for example: not eligible for auto-proxying)
2017-05-22 20:29:19.338  INFO 4228 --- [main] trationDelegate$BeanPostProcessorChecker : Bean 'sessionManager' of type [class org.apache.shiro.session.mgt.DefaultSessionManager] is not eligible for getting processed by all BeanPostProcessors (for example: not eligible for auto-proxying)
2017-05-22 20:29:19.341  WARN 4228 --- [main] o.a.s.web.mgt.DefaultWebSecurityManager  : The org.apache.shiro.web.mgt.DefaultWebSecurityManager implementation expects SessionManager instances that implement the org.apache.shiro.web.session.mgt.WebSessionManager interface.  The configured instance is of type [org.apache.shiro.session.mgt.DefaultSessionManager] which does not implement this interface..  This may cause unexpected behavior.
2017-05-22 20:29:19.416  INFO 4228 --- [main] trationDelegate$BeanPostProcessorChecker : Bean 'org.springframework.boot.autoconfigure.data.redis.RedisAutoConfiguration$RedisConfiguration' of type [class org.springframework.boot.autoconfigure.data.redis.RedisAutoConfiguration$RedisConfiguration$$EnhancerBySpringCGLIB$$2bbdbf3e] is not eligible for getting processed by all BeanPostProcessors (for example: not eligible for auto-proxying)
2017-05-22 20:29:19.437  INFO 4228 --- [main] trationDelegate$BeanPostProcessorChecker : Bean 'org.springframework.boot.autoconfigure.data.redis.RedisAutoConfiguration' of type [class org.springframework.boot.autoconfigure.data.redis.RedisAutoConfiguration$$EnhancerBySpringCGLIB$$dbb264ed] is not eligible for getting processed by all BeanPostProcessors (for example: not eligible for auto-proxying)
2017-05-22 20:29:19.773  INFO 4228 --- [main] trationDelegate$BeanPostProcessorChecker : Bean 'org.springframework.autoconfigure.redis.RedisProperties' of type [class org.springframework.boot.autoconfigure.data.redis.RedisProperties] is not eligible for getting processed by all BeanPostProcessors (for example: not eligible for auto-proxying)
2017-05-22 20:29:19.776  INFO 4228 --- [main] trationDelegate$BeanPostProcessorChecker : Bean 'org.springframework.boot.autoconfigure.data.redis.RedisAutoConfiguration$RedisPooledConnectionConfiguration' of type [class org.springframework.boot.autoconfigure.data.redis.RedisAutoConfiguration$RedisPooledConnectionConfiguration$$EnhancerBySpringCGLIB$$fa292a5] is not eligible for getting processed by all BeanPostProcessors (for example: not eligible for auto-proxying)
2017-05-22 20:29:19.917  INFO 4228 --- [main] trationDelegate$BeanPostProcessorChecker : Bean 'redisConnectionFactory' of type [class org.springframework.data.redis.connection.jedis.JedisConnectionFactory] is not eligible for getting processed by all BeanPostProcessors (for example: not eligible for auto-proxying)
2017-05-22 20:29:19.988  INFO 4228 --- [main] trationDelegate$BeanPostProcessorChecker : Bean 'redisTemplate' of type [class org.springframework.data.redis.core.RedisTemplate] is not eligible for getting processed by all BeanPostProcessors (for example: not eligible for auto-proxying)
2017-05-22 20:29:20.001  INFO 4228 --- [main] trationDelegate$BeanPostProcessorChecker : Bean 'stringRedisTemplate' of type [class org.springframework.data.redis.core.StringRedisTemplate] is not eligible for getting processed by all BeanPostProcessors (for example: not eligible for auto-proxying)
2017-05-22 20:29:20.027  INFO 4228 --- [main] trationDelegate$BeanPostProcessorChecker : Bean '(inner bean)#43c698b1' of type [class org.springframework.beans.factory.config.PropertiesFactoryBean] is not eligible for getting processed by all BeanPostProcessors (for example: not eligible for auto-proxying)
2017-05-22 20:29:20.028  INFO 4228 --- [main] trationDelegate$BeanPostProcessorChecker : Bean '(inner bean)#43c698b1' of type [class java.util.Properties] is not eligible for getting processed by all BeanPostProcessors (for example: not eligible for auto-proxying)
2017-05-22 20:29:20.058  INFO 4228 --- [main] trationDelegate$BeanPostProcessorChecker : Bean '(inner bean)#3829bd26' of type [class org.springframework.data.repository.core.support.PropertiesBasedNamedQueries] is not eligible for getting processed by all BeanPostProcessors (for example: not eligible for auto-proxying)
2017-05-22 20:29:20.061  INFO 4228 --- [main] trationDelegate$BeanPostProcessorChecker : Bean '(inner bean)#da55b4f' of type [class org.springframework.data.repository.query.ExtensionAwareEvaluationContextProvider] is not eligible for getting processed by all BeanPostProcessors (for example: not eligible for auto-proxying)
2017-05-22 20:29:20.084  INFO 4228 --- [main] trationDelegate$BeanPostProcessorChecker : Bean 'druidConfig' of type [class com.sinosteel.framework.config.druid.DruidConfig$$EnhancerBySpringCGLIB$$73eac679] is not eligible for getting processed by all BeanPostProcessors (for example: not eligible for auto-proxying)
2017-05-22 20:29:20.153  INFO 4228 --- [main] trationDelegate$BeanPostProcessorChecker : Bean 'spring.datasource.CONFIGURATION_PROPERTIES' of type [class org.springframework.boot.autoconfigure.jdbc.DataSourceProperties] is not eligible for getting processed by all BeanPostProcessors (for example: not eligible for auto-proxying)
2017-05-22 20:29:20.692  INFO 4228 --- [main] trationDelegate$BeanPostProcessorChecker : Bean 'dataSource' of type [class com.alibaba.druid.pool.DruidDataSource] is not eligible for getting processed by all BeanPostProcessors (for example: not eligible for auto-proxying)
2017-05-22 20:29:20.710  INFO 4228 --- [main] trationDelegate$BeanPostProcessorChecker : Bean 'spring.jpa.CONFIGURATION_PROPERTIES' of type [class org.springframework.boot.autoconfigure.orm.jpa.JpaProperties] is not eligible for getting processed by all BeanPostProcessors (for example: not eligible for auto-proxying)
2017-05-22 20:29:20.715  INFO 4228 --- [main] trationDelegate$BeanPostProcessorChecker : Bean 'org.springframework.boot.autoconfigure.orm.jpa.HibernateJpaAutoConfiguration' of type [class org.springframework.boot.autoconfigure.orm.jpa.HibernateJpaAutoConfiguration$$EnhancerBySpringCGLIB$$4fa19dd1] is not eligible for getting processed by all BeanPostProcessors (for example: not eligible for auto-proxying)
2017-05-22 20:29:20.821  INFO 4228 --- [main] trationDelegate$BeanPostProcessorChecker : Bean 'jpaVendorAdapter' of type [class org.springframework.orm.jpa.vendor.HibernateJpaVendorAdapter] is not eligible for getting processed by all BeanPostProcessors (for example: not eligible for auto-proxying)
2017-05-22 20:29:20.826  INFO 4228 --- [main] trationDelegate$BeanPostProcessorChecker : Bean 'entityManagerFactoryBuilder' of type [class org.springframework.boot.orm.jpa.EntityManagerFactoryBuilder] is not eligible for getting processed by all BeanPostProcessors (for example: not eligible for auto-proxying)
2017-05-22 20:29:21.657  INFO 4228 --- [main] com.alibaba.druid.pool.DruidDataSource   : {dataSource-1} inited
2017-05-22 20:29:21.822  INFO 4228 --- [main] j.LocalContainerEntityManagerFactoryBean : Building JPA container EntityManagerFactory for persistence unit 'default'
2017-05-22 20:29:21.875  INFO 4228 --- [main] o.hibernate.jpa.internal.util.LogHelper  : HHH000204: Processing PersistenceUnitInfo [
	name: default
	...]
2017-05-22 20:29:22.063  INFO 4228 --- [main] org.hibernate.Version                    : HHH000412: Hibernate Core {4.3.11.Final}
2017-05-22 20:29:22.070  INFO 4228 --- [main] org.hibernate.cfg.Environment            : HHH000206: hibernate.properties not found
2017-05-22 20:29:22.073  INFO 4228 --- [main] org.hibernate.cfg.Environment            : HHH000021: Bytecode provider name : javassist
2017-05-22 20:29:22.932  INFO 4228 --- [main] o.hibernate.annotations.common.Version   : HCANN000001: Hibernate Commons Annotations {4.0.5.Final}
2017-05-22 20:29:23.006  INFO 4228 --- [main] org.hibernate.dialect.Dialect            : HHH000400: Using dialect: org.hibernate.dialect.MySQL5Dialect
2017-05-22 20:29:23.214  INFO 4228 --- [main] o.h.h.i.ast.ASTQueryTranslatorFactory    : HHH000397: Using ASTQueryTranslatorFactory
2017-05-22 20:29:24.126  INFO 4228 --- [main] org.hibernate.tool.hbm2ddl.SchemaUpdate  : HHH000228: Running hbm2ddl schema update
2017-05-22 20:29:24.126  INFO 4228 --- [main] org.hibernate.tool.hbm2ddl.SchemaUpdate  : HHH000102: Fetching database metadata
2017-05-22 20:29:24.133  INFO 4228 --- [main] org.hibernate.tool.hbm2ddl.SchemaUpdate  : HHH000396: Updating schema
2017-05-22 20:29:24.172  INFO 4228 --- [main] o.hibernate.tool.hbm2ddl.TableMetadata   : HHH000261: Table found: framework.tbl_contract
2017-05-22 20:29:24.172  INFO 4228 --- [main] o.hibernate.tool.hbm2ddl.TableMetadata   : HHH000037: Columns: [created_time, code, altered_user_id, created_user_id, contract_name, contract_time, altered_time, account_paid, total_amount, name, comment, id, customer_id]
2017-05-22 20:29:24.173  INFO 4228 --- [main] o.hibernate.tool.hbm2ddl.TableMetadata   : HHH000108: Foreign keys: []
2017-05-22 20:29:24.174  INFO 4228 --- [main] o.hibernate.tool.hbm2ddl.TableMetadata   : HHH000126: Indexes: [primary]
2017-05-22 20:29:24.205  INFO 4228 --- [main] o.hibernate.tool.hbm2ddl.TableMetadata   : HHH000261: Table found: framework.tbl_contract_resource
2017-05-22 20:29:24.207  INFO 4228 --- [main] o.hibernate.tool.hbm2ddl.TableMetadata   : HHH000037: Columns: [contract_id, id, customer_id]
2017-05-22 20:29:24.208  INFO 4228 --- [main] o.hibernate.tool.hbm2ddl.TableMetadata   : HHH000108: Foreign keys: [fk_agh4karl1g242xj7cm3j437e2, fk_eave1qjwlcrv6n4wlw4eoq8lh, fk_t0jksviuhcb1652e6td5l4cyq]
2017-05-22 20:29:24.209  INFO 4228 --- [main] o.hibernate.tool.hbm2ddl.TableMetadata   : HHH000126: Indexes: [fk_agh4karl1g242xj7cm3j437e2, fk_t0jksviuhcb1652e6td5l4cyq, primary]
2017-05-22 20:29:24.235  INFO 4228 --- [main] o.hibernate.tool.hbm2ddl.TableMetadata   : HHH000261: Table found: framework.tbl_customer
2017-05-22 20:29:24.235  INFO 4228 --- [main] o.hibernate.tool.hbm2ddl.TableMetadata   : HHH000037: Columns: [created_time, code, altered_time, altered_user_id, contact_person, tax_number, created_user_id, bank_name, name, comment, id, customer_name]
2017-05-22 20:29:24.237  INFO 4228 --- [main] o.hibernate.tool.hbm2ddl.TableMetadata   : HHH000108: Foreign keys: []
2017-05-22 20:29:24.238  INFO 4228 --- [main] o.hibernate.tool.hbm2ddl.TableMetadata   : HHH000126: Indexes: [primary]
2017-05-22 20:29:24.263  INFO 4228 --- [main] o.hibernate.tool.hbm2ddl.TableMetadata   : HHH000261: Table found: framework.tbl_customer_resource
2017-05-22 20:29:24.263  INFO 4228 --- [main] o.hibernate.tool.hbm2ddl.TableMetadata   : HHH000037: Columns: [contract_id, id, customer_id]
2017-05-22 20:29:24.266  INFO 4228 --- [main] o.hibernate.tool.hbm2ddl.TableMetadata   : HHH000108: Foreign keys: [fk_9nsk4ggxxa0giywhk25o7wotn, fk_73ma8bs5m7ccp4hinobwt1efa, fk_j5jpihwnqds8xhsndau9ctlr3]
2017-05-22 20:29:24.267  INFO 4228 --- [main] o.hibernate.tool.hbm2ddl.TableMetadata   : HHH000126: Indexes: [fk_9nsk4ggxxa0giywhk25o7wotn, fk_j5jpihwnqds8xhsndau9ctlr3, primary]
2017-05-22 20:29:24.304  INFO 4228 --- [main] o.hibernate.tool.hbm2ddl.TableMetadata   : HHH000261: Table found: framework.tbl_journal
2017-05-22 20:29:24.304  INFO 4228 --- [main] o.hibernate.tool.hbm2ddl.TableMetadata   : HHH000037: Columns: [summary, created_time, code, altered_user_id, created_user_id, specification, personnel_id, altered_time, project_id, write_time, name, location, id, topic_id]
2017-05-22 20:29:24.306  INFO 4228 --- [main] o.hibernate.tool.hbm2ddl.TableMetadata   : HHH000108: Foreign keys: []
2017-05-22 20:29:24.308  INFO 4228 --- [main] o.hibernate.tool.hbm2ddl.TableMetadata   : HHH000126: Indexes: [primary]
2017-05-22 20:29:24.378  INFO 4228 --- [main] o.hibernate.tool.hbm2ddl.TableMetadata   : HHH000261: Table found: framework.tbl_journal_resource
2017-05-22 20:29:24.379  INFO 4228 --- [main] o.hibernate.tool.hbm2ddl.TableMetadata   : HHH000037: Columns: [journal_id, id]
2017-05-22 20:29:24.383  INFO 4228 --- [main] o.hibernate.tool.hbm2ddl.TableMetadata   : HHH000108: Foreign keys: [fk_5l7gxj2yv6maitbo8wbvyqvli, fk_plsfkm1lhchq6a8xkcwhg6tek]
2017-05-22 20:29:24.385  INFO 4228 --- [main] o.hibernate.tool.hbm2ddl.TableMetadata   : HHH000126: Indexes: [fk_5l7gxj2yv6maitbo8wbvyqvli, primary]
2017-05-22 20:29:24.548  INFO 4228 --- [main] o.hibernate.tool.hbm2ddl.TableMetadata   : HHH000261: Table found: framework.tbl_milestone
2017-05-22 20:29:24.549  INFO 4228 --- [main] o.hibernate.tool.hbm2ddl.TableMetadata   : HHH000037: Columns: [created_time, code, altered_time, altered_user_id, project_id, created_user_id, name, milestone_name, id, milestone_time, status]
2017-05-22 20:29:24.552  INFO 4228 --- [main] o.hibernate.tool.hbm2ddl.TableMetadata   : HHH000108: Foreign keys: []
2017-05-22 20:29:24.556  INFO 4228 --- [main] o.hibernate.tool.hbm2ddl.TableMetadata   : HHH000126: Indexes: [fk_jlgy4naiuflxclsndbgp8ctu8, primary]
2017-05-22 20:29:24.584  INFO 4228 --- [main] o.hibernate.tool.hbm2ddl.TableMetadata   : HHH000261: Table found: framework.tbl_payment
2017-05-22 20:29:24.584  INFO 4228 --- [main] o.hibernate.tool.hbm2ddl.TableMetadata   : HHH000037: Columns: [created_time, code, altered_user_id, contract_id, created_user_id, invoice_code, receive_date, altered_time, account_paid, invoice_content, name, comment, id, payment_date]
2017-05-22 20:29:24.588  INFO 4228 --- [main] o.hibernate.tool.hbm2ddl.TableMetadata   : HHH000108: Foreign keys: []
2017-05-22 20:29:24.590  INFO 4228 --- [main] o.hibernate.tool.hbm2ddl.TableMetadata   : HHH000126: Indexes: [fk_aggq18i5c9blmniujodl8ubmx, primary]
2017-05-22 20:29:24.612  INFO 4228 --- [main] o.hibernate.tool.hbm2ddl.TableMetadata   : HHH000261: Table found: framework.tbl_payment_resource
2017-05-22 20:29:24.613  INFO 4228 --- [main] o.hibernate.tool.hbm2ddl.TableMetadata   : HHH000037: Columns: [payment_id, id]
2017-05-22 20:29:24.615  INFO 4228 --- [main] o.hibernate.tool.hbm2ddl.TableMetadata   : HHH000108: Foreign keys: [fk_qp1jib8k1g8erwk79osjfher7, fk_6qt1nw8nq8v4ssygjlie4w6ar]
2017-05-22 20:29:24.616  INFO 4228 --- [main] o.hibernate.tool.hbm2ddl.TableMetadata   : HHH000126: Indexes: [primary, fk_6qt1nw8nq8v4ssygjlie4w6ar]
2017-05-22 20:29:24.641  INFO 4228 --- [main] o.hibernate.tool.hbm2ddl.TableMetadata   : HHH000261: Table found: framework.tbl_personnel
2017-05-22 20:29:24.642  INFO 4228 --- [main] o.hibernate.tool.hbm2ddl.TableMetadata   : HHH000037: Columns: [birthday, graduate_time, work_start_time, gender, graduate_from, personnel_name, id, scholar]
2017-05-22 20:29:24.643  INFO 4228 --- [main] o.hibernate.tool.hbm2ddl.TableMetadata   : HHH000108: Foreign keys: [fk_fsccgo6c0pikh7qjvx2i0uwwi]
2017-05-22 20:29:24.644  INFO 4228 --- [main] o.hibernate.tool.hbm2ddl.TableMetadata   : HHH000126: Indexes: [primary]
2017-05-22 20:29:24.674  INFO 4228 --- [main] o.hibernate.tool.hbm2ddl.TableMetadata   : HHH000261: Table found: framework.tbl_project
2017-05-22 20:29:24.674  INFO 4228 --- [main] o.hibernate.tool.hbm2ddl.TableMetadata   : HHH000037: Columns: [created_time, actual_duration, code, altered_user_id, created_user_id, completed, project_name, start_time, altered_time, name, expected_duration, comment, location, id, director_id]
2017-05-22 20:29:24.676  INFO 4228 --- [main] o.hibernate.tool.hbm2ddl.TableMetadata   : HHH000108: Foreign keys: []
2017-05-22 20:29:24.680  INFO 4228 --- [main] o.hibernate.tool.hbm2ddl.TableMetadata   : HHH000126: Indexes: [primary]
2017-05-22 20:29:24.711  INFO 4228 --- [main] o.hibernate.tool.hbm2ddl.TableMetadata   : HHH000261: Table found: framework.tbl_resume
2017-05-22 20:29:24.712  INFO 4228 --- [main] o.hibernate.tool.hbm2ddl.TableMetadata   : HHH000037: Columns: [personnel_id, id]
2017-05-22 20:29:24.715  INFO 4228 --- [main] o.hibernate.tool.hbm2ddl.TableMetadata   : HHH000108: Foreign keys: [fk_ji1callpgbim2b1aft04fg345, fk_mrkqfwp5h8jsygkh59lvq0ap3]
2017-05-22 20:29:24.716  INFO 4228 --- [main] o.hibernate.tool.hbm2ddl.TableMetadata   : HHH000126: Indexes: [fk_mrkqfwp5h8jsygkh59lvq0ap3, primary]
2017-05-22 20:29:24.751  INFO 4228 --- [main] o.hibernate.tool.hbm2ddl.TableMetadata   : HHH000261: Table found: framework.tbl_standard
2017-05-22 20:29:24.751  INFO 4228 --- [main] o.hibernate.tool.hbm2ddl.TableMetadata   : HHH000037: Columns: [summary, created_time, code, altered_time, issue_date, altered_user_id, created_user_id, name, id, type, status]
2017-05-22 20:29:24.753  INFO 4228 --- [main] o.hibernate.tool.hbm2ddl.TableMetadata   : HHH000108: Foreign keys: []
2017-05-22 20:29:24.754  INFO 4228 --- [main] o.hibernate.tool.hbm2ddl.TableMetadata   : HHH000126: Indexes: [primary]
2017-05-22 20:29:24.779  INFO 4228 --- [main] o.hibernate.tool.hbm2ddl.TableMetadata   : HHH000261: Table found: framework.tbl_standard_resource
2017-05-22 20:29:24.780  INFO 4228 --- [main] o.hibernate.tool.hbm2ddl.TableMetadata   : HHH000037: Columns: [standard_id, id]
2017-05-22 20:29:24.782  INFO 4228 --- [main] o.hibernate.tool.hbm2ddl.TableMetadata   : HHH000108: Foreign keys: [fk_n0r46alou8q4tpjpnctfpabjo, fk_c7j3o7u37sq49med5mw7x7qq6]
2017-05-22 20:29:24.784  INFO 4228 --- [main] o.hibernate.tool.hbm2ddl.TableMetadata   : HHH000126: Indexes: [fk_n0r46alou8q4tpjpnctfpabjo, primary]
2017-05-22 20:29:24.813  INFO 4228 --- [main] o.hibernate.tool.hbm2ddl.TableMetadata   : HHH000261: Table found: framework.tbl_sys_file
2017-05-22 20:29:24.813  INFO 4228 --- [main] o.hibernate.tool.hbm2ddl.TableMetadata   : HHH000037: Columns: [created_time, file_path, code, altered_time, altered_user_id, file_name, created_user_id, name, id]
2017-05-22 20:29:24.816  INFO 4228 --- [main] o.hibernate.tool.hbm2ddl.TableMetadata   : HHH000108: Foreign keys: []
2017-05-22 20:29:24.817  INFO 4228 --- [main] o.hibernate.tool.hbm2ddl.TableMetadata   : HHH000126: Indexes: [primary]
2017-05-22 20:29:24.846  INFO 4228 --- [main] o.hibernate.tool.hbm2ddl.TableMetadata   : HHH000261: Table found: framework.tbl_sys_function
2017-05-22 20:29:24.847  INFO 4228 --- [main] o.hibernate.tool.hbm2ddl.TableMetadata   : HHH000037: Columns: [created_time, code, altered_time, function_code, function_string, altered_user_id, created_user_id, name, function_path, id, menu_id]
2017-05-22 20:29:24.850  INFO 4228 --- [main] o.hibernate.tool.hbm2ddl.TableMetadata   : HHH000108: Foreign keys: []
2017-05-22 20:29:24.851  INFO 4228 --- [main] o.hibernate.tool.hbm2ddl.TableMetadata   : HHH000126: Indexes: [fk_itqdcta4ccyss9hycawsgucrm, primary]
2017-05-22 20:29:24.893  INFO 4228 --- [main] o.hibernate.tool.hbm2ddl.TableMetadata   : HHH000261: Table found: framework.tbl_sys_menu
2017-05-22 20:29:24.893  INFO 4228 --- [main] o.hibernate.tool.hbm2ddl.TableMetadata   : HHH000037: Columns: [created_time, code, menu_icon, module_id, altered_time, altered_user_id, parent_id, created_user_id, menu_path, name, id]
2017-05-22 20:29:24.894  INFO 4228 --- [main] o.hibernate.tool.hbm2ddl.TableMetadata   : HHH000108: Foreign keys: []
2017-05-22 20:29:24.896  INFO 4228 --- [main] o.hibernate.tool.hbm2ddl.TableMetadata   : HHH000126: Indexes: [fk_i69suv95ch4ud7irsd1lregqy, primary]
2017-05-22 20:29:24.923  INFO 4228 --- [main] o.hibernate.tool.hbm2ddl.TableMetadata   : HHH000261: Table found: framework.tbl_sys_module
2017-05-22 20:29:24.924  INFO 4228 --- [main] o.hibernate.tool.hbm2ddl.TableMetadata   : HHH000037: Columns: [created_time, code, altered_time, altered_user_id, created_user_id, name, id, module_path, module_icon]
2017-05-22 20:29:24.925  INFO 4228 --- [main] o.hibernate.tool.hbm2ddl.TableMetadata   : HHH000108: Foreign keys: []
2017-05-22 20:29:24.926  INFO 4228 --- [main] o.hibernate.tool.hbm2ddl.TableMetadata   : HHH000126: Indexes: [primary]
2017-05-22 20:29:24.955  INFO 4228 --- [main] o.hibernate.tool.hbm2ddl.TableMetadata   : HHH000261: Table found: framework.tbl_sys_operation_log
2017-05-22 20:29:24.955  INFO 4228 --- [main] o.hibernate.tool.hbm2ddl.TableMetadata   : HHH000037: Columns: [created_time, code, file_names, response_status, altered_user_id, created_user_id, params, uri, altered_time, date_time, name, client, id, username]
2017-05-22 20:29:24.956  INFO 4228 --- [main] o.hibernate.tool.hbm2ddl.TableMetadata   : HHH000108: Foreign keys: []
2017-05-22 20:29:24.957  INFO 4228 --- [main] o.hibernate.tool.hbm2ddl.TableMetadata   : HHH000126: Indexes: [primary]
2017-05-22 20:29:24.982  INFO 4228 --- [main] o.hibernate.tool.hbm2ddl.TableMetadata   : HHH000261: Table found: framework.tbl_sys_organization
2017-05-22 20:29:24.983  INFO 4228 --- [main] o.hibernate.tool.hbm2ddl.TableMetadata   : HHH000037: Columns: [created_time, code, altered_time, altered_user_id, parent_id, created_user_id, name, description, id, organization_name]
2017-05-22 20:29:24.985  INFO 4228 --- [main] o.hibernate.tool.hbm2ddl.TableMetadata   : HHH000108: Foreign keys: []
2017-05-22 20:29:24.986  INFO 4228 --- [main] o.hibernate.tool.hbm2ddl.TableMetadata   : HHH000126: Indexes: [primary]
2017-05-22 20:29:25.022  INFO 4228 --- [main] o.hibernate.tool.hbm2ddl.TableMetadata   : HHH000261: Table found: framework.tbl_sys_role
2017-05-22 20:29:25.022  INFO 4228 --- [main] o.hibernate.tool.hbm2ddl.TableMetadata   : HHH000037: Columns: [role_name, role_string, created_time, code, altered_time, altered_user_id, created_user_id, name, description, id]
2017-05-22 20:29:25.024  INFO 4228 --- [main] o.hibernate.tool.hbm2ddl.TableMetadata   : HHH000108: Foreign keys: []
2017-05-22 20:29:25.025  INFO 4228 --- [main] o.hibernate.tool.hbm2ddl.TableMetadata   : HHH000126: Indexes: [primary]
2017-05-22 20:29:25.058  INFO 4228 --- [main] o.hibernate.tool.hbm2ddl.TableMetadata   : HHH000261: Table found: framework.tbl_sys_role_function
2017-05-22 20:29:25.059  INFO 4228 --- [main] o.hibernate.tool.hbm2ddl.TableMetadata   : HHH000037: Columns: [role_id, function_id]
2017-05-22 20:29:25.060  INFO 4228 --- [main] o.hibernate.tool.hbm2ddl.TableMetadata   : HHH000108: Foreign keys: []
2017-05-22 20:29:25.061  INFO 4228 --- [main] o.hibernate.tool.hbm2ddl.TableMetadata   : HHH000126: Indexes: [fk_2r3mx5cv4q1eu6i7oex4a7y65, fk_tgfnmsm51p1heid7qd9wcghxj]
2017-05-22 20:29:25.099  INFO 4228 --- [main] o.hibernate.tool.hbm2ddl.TableMetadata   : HHH000261: Table found: framework.tbl_sys_role_user
2017-05-22 20:29:25.100  INFO 4228 --- [main] o.hibernate.tool.hbm2ddl.TableMetadata   : HHH000037: Columns: [user_id, role_id]
2017-05-22 20:29:25.102  INFO 4228 --- [main] o.hibernate.tool.hbm2ddl.TableMetadata   : HHH000108: Foreign keys: [fk_44m1qqntwycmydgmmdcmagdn3, fk_4rbt5lhjoqj0r268ur0gcurf2]
2017-05-22 20:29:25.104  INFO 4228 --- [main] o.hibernate.tool.hbm2ddl.TableMetadata   : HHH000126: Indexes: [fk_44m1qqntwycmydgmmdcmagdn3, fk_4rbt5lhjoqj0r268ur0gcurf2]
2017-05-22 20:29:25.135  INFO 4228 --- [main] o.hibernate.tool.hbm2ddl.TableMetadata   : HHH000261: Table found: framework.tbl_sys_user
2017-05-22 20:29:25.135  INFO 4228 --- [main] o.hibernate.tool.hbm2ddl.TableMetadata   : HHH000037: Columns: [created_time, password, code, salt, altered_time, altered_user_id, created_user_id, name, id, username]
2017-05-22 20:29:25.137  INFO 4228 --- [main] o.hibernate.tool.hbm2ddl.TableMetadata   : HHH000108: Foreign keys: []
2017-05-22 20:29:25.138  INFO 4228 --- [main] o.hibernate.tool.hbm2ddl.TableMetadata   : HHH000126: Indexes: [primary]
2017-05-22 20:29:25.155  INFO 4228 --- [main] o.hibernate.tool.hbm2ddl.TableMetadata   : HHH000261: Table found: framework.tbl_topic
2017-05-22 20:29:25.155  INFO 4228 --- [main] o.hibernate.tool.hbm2ddl.TableMetadata   : HHH000037: Columns: [created_time, code, altered_user_id, created_user_id, start_time, altered_time, project_id, topic_name, name, comment, location, id, director_id]
2017-05-22 20:29:25.156  INFO 4228 --- [main] o.hibernate.tool.hbm2ddl.TableMetadata   : HHH000108: Foreign keys: []
2017-05-22 20:29:25.157  INFO 4228 --- [main] o.hibernate.tool.hbm2ddl.TableMetadata   : HHH000126: Indexes: [fk_o8dc6e1w8u4ci53fjycq0fm3q, primary]
2017-05-22 20:29:25.159  INFO 4228 --- [main] org.hibernate.tool.hbm2ddl.SchemaUpdate  : HHH000232: Schema update complete
2017-05-22 20:29:25.266  INFO 4228 --- [main] trationDelegate$BeanPostProcessorChecker : Bean 'entityManagerFactory' of type [class org.springframework.orm.jpa.LocalContainerEntityManagerFactoryBean] is not eligible for getting processed by all BeanPostProcessors (for example: not eligible for auto-proxying)
2017-05-22 20:29:25.267  INFO 4228 --- [main] trationDelegate$BeanPostProcessorChecker : Bean 'entityManagerFactory' of type [class com.sun.proxy.$Proxy69] is not eligible for getting processed by all BeanPostProcessors (for example: not eligible for auto-proxying)
2017-05-22 20:29:25.283  INFO 4228 --- [main] trationDelegate$BeanPostProcessorChecker : Bean '(inner bean)#1be0f6cd' of type [class com.sun.proxy.$Proxy70] is not eligible for getting processed by all BeanPostProcessors (for example: not eligible for auto-proxying)
2017-05-22 20:29:25.592  INFO 4228 --- [main] trationDelegate$BeanPostProcessorChecker : Bean 'jpaMappingContext' of type [class org.springframework.data.jpa.repository.config.JpaMetamodelMappingContextFactoryBean] is not eligible for getting processed by all BeanPostProcessors (for example: not eligible for auto-proxying)
2017-05-22 20:29:25.610  INFO 4228 --- [main] trationDelegate$BeanPostProcessorChecker : Bean 'jpaMappingContext' of type [class org.springframework.data.jpa.mapping.JpaMetamodelMappingContext] is not eligible for getting processed by all BeanPostProcessors (for example: not eligible for auto-proxying)
2017-05-22 20:29:25.877  INFO 4228 --- [main] trationDelegate$BeanPostProcessorChecker : Bean 'userRepository' of type [class com.sinosteel.framework.core.base.repository.BaseRepositoryFactoryBean] is not eligible for getting processed by all BeanPostProcessors (for example: not eligible for auto-proxying)
2017-05-22 20:29:25.878  INFO 4228 --- [main] trationDelegate$BeanPostProcessorChecker : Bean 'userRepository' of type [class com.sun.proxy.$Proxy72] is not eligible for getting processed by all BeanPostProcessors (for example: not eligible for auto-proxying)
2017-05-22 20:29:25.907  INFO 4228 --- [main] trationDelegate$BeanPostProcessorChecker : Bean 'mybatis.CONFIGURATION_PROPERTIES' of type [class org.mybatis.spring.boot.autoconfigure.MybatisProperties] is not eligible for getting processed by all BeanPostProcessors (for example: not eligible for auto-proxying)
2017-05-22 20:29:25.911  INFO 4228 --- [main] trationDelegate$BeanPostProcessorChecker : Bean 'org.mybatis.spring.boot.autoconfigure.MybatisAutoConfiguration' of type [class org.mybatis.spring.boot.autoconfigure.MybatisAutoConfiguration$$EnhancerBySpringCGLIB$$18ef8ae1] is not eligible for getting processed by all BeanPostProcessors (for example: not eligible for auto-proxying)
2017-05-22 20:29:25.996  INFO 4228 --- [main] trationDelegate$BeanPostProcessorChecker : Bean 'sqlSessionFactory' of type [class org.apache.ibatis.session.defaults.DefaultSqlSessionFactory] is not eligible for getting processed by all BeanPostProcessors (for example: not eligible for auto-proxying)
2017-05-22 20:29:26.010  INFO 4228 --- [main] trationDelegate$BeanPostProcessorChecker : Bean 'sqlSessionTemplate' of type [class org.mybatis.spring.SqlSessionTemplate] is not eligible for getting processed by all BeanPostProcessors (for example: not eligible for auto-proxying)
2017-05-22 20:29:26.055  INFO 4228 --- [main] trationDelegate$BeanPostProcessorChecker : Bean 'userMapper' of type [class org.mybatis.spring.mapper.MapperFactoryBean] is not eligible for getting processed by all BeanPostProcessors (for example: not eligible for auto-proxying)
2017-05-22 20:29:26.057  INFO 4228 --- [main] trationDelegate$BeanPostProcessorChecker : Bean 'userMapper' of type [class com.sun.proxy.$Proxy77] is not eligible for getting processed by all BeanPostProcessors (for example: not eligible for auto-proxying)
2017-05-22 20:29:26.059  INFO 4228 --- [main] trationDelegate$BeanPostProcessorChecker : Bean '(inner bean)#56dfcb4c' of type [class org.springframework.beans.factory.config.PropertiesFactoryBean] is not eligible for getting processed by all BeanPostProcessors (for example: not eligible for auto-proxying)
2017-05-22 20:29:26.060  INFO 4228 --- [main] trationDelegate$BeanPostProcessorChecker : Bean '(inner bean)#56dfcb4c' of type [class java.util.Properties] is not eligible for getting processed by all BeanPostProcessors (for example: not eligible for auto-proxying)
2017-05-22 20:29:26.061  INFO 4228 --- [main] trationDelegate$BeanPostProcessorChecker : Bean '(inner bean)#4d234ecf' of type [class org.springframework.data.repository.core.support.PropertiesBasedNamedQueries] is not eligible for getting processed by all BeanPostProcessors (for example: not eligible for auto-proxying)
2017-05-22 20:29:26.061  INFO 4228 --- [main] trationDelegate$BeanPostProcessorChecker : Bean '(inner bean)#206d5e7f' of type [class org.springframework.data.repository.query.ExtensionAwareEvaluationContextProvider] is not eligible for getting processed by all BeanPostProcessors (for example: not eligible for auto-proxying)
2017-05-22 20:29:26.063  INFO 4228 --- [main] trationDelegate$BeanPostProcessorChecker : Bean '(inner bean)#77ef398b' of type [class com.sun.proxy.$Proxy70] is not eligible for getting processed by all BeanPostProcessors (for example: not eligible for auto-proxying)
2017-05-22 20:29:26.070  INFO 4228 --- [main] trationDelegate$BeanPostProcessorChecker : Bean 'roleRepository' of type [class com.sinosteel.framework.core.base.repository.BaseRepositoryFactoryBean] is not eligible for getting processed by all BeanPostProcessors (for example: not eligible for auto-proxying)
2017-05-22 20:29:26.071  INFO 4228 --- [main] trationDelegate$BeanPostProcessorChecker : Bean 'roleRepository' of type [class com.sun.proxy.$Proxy78] is not eligible for getting processed by all BeanPostProcessors (for example: not eligible for auto-proxying)
2017-05-22 20:29:26.073  INFO 4228 --- [main] trationDelegate$BeanPostProcessorChecker : Bean '(inner bean)#488707f2' of type [class org.springframework.beans.factory.config.PropertiesFactoryBean] is not eligible for getting processed by all BeanPostProcessors (for example: not eligible for auto-proxying)
2017-05-22 20:29:26.074  INFO 4228 --- [main] trationDelegate$BeanPostProcessorChecker : Bean '(inner bean)#488707f2' of type [class java.util.Properties] is not eligible for getting processed by all BeanPostProcessors (for example: not eligible for auto-proxying)
2017-05-22 20:29:26.075  INFO 4228 --- [main] trationDelegate$BeanPostProcessorChecker : Bean '(inner bean)#746980a' of type [class org.springframework.data.repository.core.support.PropertiesBasedNamedQueries] is not eligible for getting processed by all BeanPostProcessors (for example: not eligible for auto-proxying)
2017-05-22 20:29:26.076  INFO 4228 --- [main] trationDelegate$BeanPostProcessorChecker : Bean '(inner bean)#233d8117' of type [class org.springframework.data.repository.query.ExtensionAwareEvaluationContextProvider] is not eligible for getting processed by all BeanPostProcessors (for example: not eligible for auto-proxying)
2017-05-22 20:29:26.079  INFO 4228 --- [main] trationDelegate$BeanPostProcessorChecker : Bean '(inner bean)#1008dbb2' of type [class com.sun.proxy.$Proxy70] is not eligible for getting processed by all BeanPostProcessors (for example: not eligible for auto-proxying)
2017-05-22 20:29:26.089  INFO 4228 --- [main] trationDelegate$BeanPostProcessorChecker : Bean 'organizationRepository' of type [class com.sinosteel.framework.core.base.repository.BaseRepositoryFactoryBean] is not eligible for getting processed by all BeanPostProcessors (for example: not eligible for auto-proxying)
2017-05-22 20:29:26.090  INFO 4228 --- [main] trationDelegate$BeanPostProcessorChecker : Bean 'organizationRepository' of type [class com.sun.proxy.$Proxy79] is not eligible for getting processed by all BeanPostProcessors (for example: not eligible for auto-proxying)
2017-05-22 20:29:26.130  INFO 4228 --- [main] trationDelegate$BeanPostProcessorChecker : Bean 'organizationUserMapper' of type [class org.mybatis.spring.mapper.MapperFactoryBean] is not eligible for getting processed by all BeanPostProcessors (for example: not eligible for auto-proxying)
2017-05-22 20:29:26.132  INFO 4228 --- [main] trationDelegate$BeanPostProcessorChecker : Bean 'organizationUserMapper' of type [class com.sun.proxy.$Proxy84] is not eligible for getting processed by all BeanPostProcessors (for example: not eligible for auto-proxying)
2017-05-22 20:29:26.135  INFO 4228 --- [main] trationDelegate$BeanPostProcessorChecker : Bean 'userService' of type [class com.sinosteel.framework.system.basic.service.UserService] is not eligible for getting processed by all BeanPostProcessors (for example: not eligible for auto-proxying)
2017-05-22 20:29:26.162  INFO 4228 --- [main] trationDelegate$BeanPostProcessorChecker : Bean 'redisConfig' of type [class com.sinosteel.framework.config.redis.RedisConfig$$EnhancerBySpringCGLIB$$737d076b] is not eligible for getting processed by all BeanPostProcessors (for example: not eligible for auto-proxying)
2017-05-22 20:29:26.172  INFO 4228 --- [main] trationDelegate$BeanPostProcessorChecker : Bean 'jedisPool' of type [class redis.clients.jedis.JedisPool] is not eligible for getting processed by all BeanPostProcessors (for example: not eligible for auto-proxying)
2017-05-22 20:29:26.173  INFO 4228 --- [main] trationDelegate$BeanPostProcessorChecker : Bean 'redisService' of type [class com.sinosteel.framework.core.cache.RedisService] is not eligible for getting processed by all BeanPostProcessors (for example: not eligible for auto-proxying)
2017-05-22 20:29:26.174  INFO 4228 --- [main] trationDelegate$BeanPostProcessorChecker : Bean 'statelessRealm' of type [class com.sinosteel.framework.core.auth.StatelessAuthorizingRealm] is not eligible for getting processed by all BeanPostProcessors (for example: not eligible for auto-proxying)
2017-05-22 20:29:26.213  INFO 4228 --- [main] trationDelegate$BeanPostProcessorChecker : Bean 'securityManager' of type [class org.apache.shiro.web.mgt.DefaultWebSecurityManager] is not eligible for getting processed by all BeanPostProcessors (for example: not eligible for auto-proxying)
2017-05-22 20:29:26.238  INFO 4228 --- [main] trationDelegate$BeanPostProcessorChecker : Bean 'statelessAuthcFilter' of type [class com.sinosteel.framework.core.auth.StatelessAccessControlFilter] is not eligible for getting processed by all BeanPostProcessors (for example: not eligible for auto-proxying)
2017-05-22 20:29:26.325  INFO 4228 --- [main] trationDelegate$BeanPostProcessorChecker : Bean 'authorizationAttributeSourceAdvisor' of type [class org.apache.shiro.spring.security.interceptor.AuthorizationAttributeSourceAdvisor] is not eligible for getting processed by all BeanPostProcessors (for example: not eligible for auto-proxying)
2017-05-22 20:29:26.390  INFO 4228 --- [main] trationDelegate$BeanPostProcessorChecker : Bean 'org.springframework.transaction.annotation.ProxyTransactionManagementConfiguration' of type [class org.springframework.transaction.annotation.ProxyTransactionManagementConfiguration$$EnhancerBySpringCGLIB$$e61b39b1] is not eligible for getting processed by all BeanPostProcessors (for example: not eligible for auto-proxying)
2017-05-22 20:29:26.656  INFO 4228 --- [main] trationDelegate$BeanPostProcessorChecker : Bean 'org.springframework.cache.annotation.ProxyCachingConfiguration' of type [class org.springframework.cache.annotation.ProxyCachingConfiguration$$EnhancerBySpringCGLIB$$2f2d6fcf] is not eligible for getting processed by all BeanPostProcessors (for example: not eligible for auto-proxying)
2017-05-22 20:29:26.687  INFO 4228 --- [main] trationDelegate$BeanPostProcessorChecker : Bean 'org.springframework.boot.autoconfigure.cache.CacheAutoConfiguration' of type [class org.springframework.boot.autoconfigure.cache.CacheAutoConfiguration$$EnhancerBySpringCGLIB$$23a13473] is not eligible for getting processed by all BeanPostProcessors (for example: not eligible for auto-proxying)
2017-05-22 20:29:26.710  INFO 4228 --- [main] trationDelegate$BeanPostProcessorChecker : Bean 'spring.cache.CONFIGURATION_PROPERTIES' of type [class org.springframework.boot.autoconfigure.cache.CacheProperties] is not eligible for getting processed by all BeanPostProcessors (for example: not eligible for auto-proxying)
2017-05-22 20:29:26.729  INFO 4228 --- [main] trationDelegate$BeanPostProcessorChecker : Bean 'org.springframework.boot.autoconfigure.cache.CacheManagerCustomizers' of type [class org.springframework.boot.autoconfigure.cache.CacheManagerCustomizers] is not eligible for getting processed by all BeanPostProcessors (for example: not eligible for auto-proxying)
2017-05-22 20:29:26.733  INFO 4228 --- [main] trationDelegate$BeanPostProcessorChecker : Bean 'org.springframework.boot.autoconfigure.cache.RedisCacheConfiguration' of type [class org.springframework.boot.autoconfigure.cache.RedisCacheConfiguration$$EnhancerBySpringCGLIB$$d432d0cd] is not eligible for getting processed by all BeanPostProcessors (for example: not eligible for auto-proxying)
2017-05-22 20:29:26.752  INFO 4228 --- [main] trationDelegate$BeanPostProcessorChecker : Bean 'cacheManager' of type [class org.springframework.data.redis.cache.RedisCacheManager] is not eligible for getting processed by all BeanPostProcessors (for example: not eligible for auto-proxying)
2017-05-22 20:29:26.775  INFO 4228 --- [main] trationDelegate$BeanPostProcessorChecker : Bean 'cacheAutoConfigurationValidator' of type [class org.springframework.boot.autoconfigure.cache.CacheAutoConfiguration$CacheManagerValidator] is not eligible for getting processed by all BeanPostProcessors (for example: not eligible for auto-proxying)
2017-05-22 20:29:27.947  INFO 4228 --- [main] s.b.c.e.t.TomcatEmbeddedServletContainer : Tomcat initialized with port(s): 8000 (http)
2017-05-22 20:29:28.038  INFO 4228 --- [main] o.apache.catalina.core.StandardService   : Starting service Tomcat
2017-05-22 20:29:28.040  INFO 4228 --- [main] org.apache.catalina.core.StandardEngine  : Starting Servlet Engine: Apache Tomcat/8.0.33
2017-05-22 20:29:29.643  INFO 4228 --- [localhost-startStop-1] org.apache.jasper.servlet.TldScanner     : At least one JAR was scanned for TLDs yet contained no TLDs. Enable debug logging for this logger for a complete list of JARs that were scanned but no TLDs were found in them. Skipping unneeded JARs during scanning can improve startup time and JSP compilation time.
2017-05-22 20:29:29.893  INFO 4228 --- [localhost-startStop-1] o.a.c.c.C.[Tomcat].[localhost].[/]       : Initializing Spring embedded WebApplicationContext
2017-05-22 20:29:29.895  INFO 4228 --- [localhost-startStop-1] o.s.web.context.ContextLoader            : Root WebApplicationContext: initialization completed in 17228 ms
2017-05-22 20:29:31.240  INFO 4228 --- [localhost-startStop-1] o.s.b.c.e.ServletRegistrationBean        : Mapping servlet: 'statViewServlet' to [/druid/*]
2017-05-22 20:29:31.243  INFO 4228 --- [localhost-startStop-1] o.s.b.c.e.ServletRegistrationBean        : Mapping servlet: 'dispatcherServlet' to [/]
2017-05-22 20:29:31.249  INFO 4228 --- [localhost-startStop-1] o.s.b.c.embedded.FilterRegistrationBean  : Mapping filter: 'characterEncodingFilter' to: [/*]
2017-05-22 20:29:31.250  INFO 4228 --- [localhost-startStop-1] o.s.b.c.embedded.FilterRegistrationBean  : Mapping filter: 'hiddenHttpMethodFilter' to: [/*]
2017-05-22 20:29:31.251  INFO 4228 --- [localhost-startStop-1] o.s.b.c.embedded.FilterRegistrationBean  : Mapping filter: 'httpPutFormContentFilter' to: [/*]
2017-05-22 20:29:31.252  INFO 4228 --- [localhost-startStop-1] o.s.b.c.embedded.FilterRegistrationBean  : Mapping filter: 'requestContextFilter' to: [/*]
2017-05-22 20:29:31.253  INFO 4228 --- [localhost-startStop-1] o.s.b.c.embedded.FilterRegistrationBean  : Mapping filter: 'webStatFilter' to urls: [/*]
2017-05-22 20:29:31.253  INFO 4228 --- [localhost-startStop-1] o.s.b.c.embedded.FilterRegistrationBean  : Mapping filter: 'corsFilter' to: [/*]
2017-05-22 20:29:31.254  INFO 4228 --- [localhost-startStop-1] o.s.b.c.embedded.FilterRegistrationBean  : Mapping filter: 'shiroFilter' to: [/*]
2017-05-22 20:29:31.255  INFO 4228 --- [localhost-startStop-1] o.s.b.c.embedded.FilterRegistrationBean  : Mapping filter: 'statelessAuthcFilter' to: [/*]
2017-05-22 20:29:34.688  INFO 4228 --- [main] s.w.s.m.m.a.RequestMappingHandlerAdapter : Looking for @ControllerAdvice: org.springframework.boot.context.embedded.AnnotationConfigEmbeddedWebApplicationContext@78dd7907: startup date [Mon May 22 20:29:12 CST 2017]; root of context hierarchy
2017-05-22 20:29:34.869  INFO 4228 --- [main] s.w.s.m.m.a.RequestMappingHandlerMapping : Mapped "{[/services/downloadFile],methods=[GET]}" onto public org.springframework.http.ResponseEntity<byte[]> com.sinosteel.framework.helpers.file.web.FileController.downloadFile(java.lang.String,javax.servlet.http.HttpServletResponse)
2017-05-22 20:29:34.871  INFO 4228 --- [main] s.w.s.m.m.a.RequestMappingHandlerMapping : Mapped "{[/resetPassword]}" onto public com.sinosteel.framework.core.web.Response com.sinosteel.framework.system.auth.web.AuthController.resetPassword(com.sinosteel.framework.core.web.Request)
2017-05-22 20:29:34.872  INFO 4228 --- [main] s.w.s.m.m.a.RequestMappingHandlerMapping : Mapped "{[/login]}" onto public com.sinosteel.framework.core.web.Response com.sinosteel.framework.system.auth.web.AuthController.login(com.sinosteel.framework.core.web.Request)
2017-05-22 20:29:34.873  INFO 4228 --- [main] s.w.s.m.m.a.RequestMappingHandlerMapping : Mapped "{[/services/deleteRole]}" onto public com.sinosteel.framework.core.web.Response com.sinosteel.framework.system.auth.web.RoleController.deleteRole(com.sinosteel.framework.core.web.Request)
2017-05-22 20:29:34.874  INFO 4228 --- [main] s.w.s.m.m.a.RequestMappingHandlerMapping : Mapped "{[/services/editRole]}" onto public com.sinosteel.framework.core.web.Response com.sinosteel.framework.system.auth.web.RoleController.editRole(com.sinosteel.framework.core.web.Request)
2017-05-22 20:29:34.875  INFO 4228 --- [main] s.w.s.m.m.a.RequestMappingHandlerMapping : Mapped "{[/services/getAllRoles]}" onto public com.sinosteel.framework.core.web.Response com.sinosteel.framework.system.auth.web.RoleController.getAllRoles(com.sinosteel.framework.core.web.Request)
2017-05-22 20:29:34.877  INFO 4228 --- [main] s.w.s.m.m.a.RequestMappingHandlerMapping : Mapped "{[/services/addRole]}" onto public com.sinosteel.framework.core.web.Response com.sinosteel.framework.system.auth.web.RoleController.addRole(com.sinosteel.framework.core.web.Request)
2017-05-22 20:29:34.878  INFO 4228 --- [main] s.w.s.m.m.a.RequestMappingHandlerMapping : Mapped "{[/services/getAllFunctionsHierarchies]}" onto public com.sinosteel.framework.core.web.Response com.sinosteel.framework.system.basic.web.FunctionController.getAllFunctionsHierarchies(com.sinosteel.framework.core.web.Request)
2017-05-22 20:29:34.887  INFO 4228 --- [main] s.w.s.m.m.a.RequestMappingHandlerMapping : Mapped "{[/services/getAllOrganizationHierarchies]}" onto public com.sinosteel.framework.core.web.Response com.sinosteel.framework.system.basic.web.OrganizationController.getAllOrganizationHierarchies(com.sinosteel.framework.core.web.Request)
2017-05-22 20:29:34.888  INFO 4228 --- [main] s.w.s.m.m.a.RequestMappingHandlerMapping : Mapped "{[/services/deleteOrganization]}" onto public com.sinosteel.framework.core.web.Response com.sinosteel.framework.system.basic.web.OrganizationController.deleteOrganization(com.sinosteel.framework.core.web.Request)
2017-05-22 20:29:34.889  INFO 4228 --- [main] s.w.s.m.m.a.RequestMappingHandlerMapping : Mapped "{[/services/queryOrganizations]}" onto public com.sinosteel.framework.core.web.Response com.sinosteel.framework.system.basic.web.OrganizationController.queryOrganizations(com.sinosteel.framework.core.web.Request)
2017-05-22 20:29:34.890  INFO 4228 --- [main] s.w.s.m.m.a.RequestMappingHandlerMapping : Mapped "{[/services/editOrganization]}" onto public com.sinosteel.framework.core.web.Response com.sinosteel.framework.system.basic.web.OrganizationController.editOrganization(com.sinosteel.framework.core.web.Request)
2017-05-22 20:29:34.891  INFO 4228 --- [main] s.w.s.m.m.a.RequestMappingHandlerMapping : Mapped "{[/services/addOrganization]}" onto public com.sinosteel.framework.core.web.Response com.sinosteel.framework.system.basic.web.OrganizationController.addOrganization(com.sinosteel.framework.core.web.Request)
2017-05-22 20:29:34.894  INFO 4228 --- [main] s.w.s.m.m.a.RequestMappingHandlerMapping : Mapped "{[/services/deleteUser]}" onto public com.sinosteel.framework.core.web.Response com.sinosteel.framework.system.basic.web.UserController.deleteUser(com.sinosteel.framework.core.web.Request)
2017-05-22 20:29:34.895  INFO 4228 --- [main] s.w.s.m.m.a.RequestMappingHandlerMapping : Mapped "{[/services/queryUsers]}" onto public com.sinosteel.framework.core.web.Response com.sinosteel.framework.system.basic.web.UserController.queryUsers(com.sinosteel.framework.core.web.Request)
2017-05-22 20:29:34.899  INFO 4228 --- [main] s.w.s.m.m.a.RequestMappingHandlerMapping : Mapped "{[/services/queryAllUsers]}" onto public com.sinosteel.framework.core.web.Response com.sinosteel.framework.system.basic.web.UserController.queryAllUsers(com.sinosteel.framework.core.web.Request)
2017-05-22 20:29:34.901  INFO 4228 --- [main] s.w.s.m.m.a.RequestMappingHandlerMapping : Mapped "{[/services/editUser]}" onto public com.sinosteel.framework.core.web.Response com.sinosteel.framework.system.basic.web.UserController.editUser(com.sinosteel.framework.core.web.Request)
2017-05-22 20:29:34.902  INFO 4228 --- [main] s.w.s.m.m.a.RequestMappingHandlerMapping : Mapped "{[/services/addUser]}" onto public com.sinosteel.framework.core.web.Response com.sinosteel.framework.system.basic.web.UserController.addUser(com.sinosteel.framework.core.web.Request)
2017-05-22 20:29:34.904  INFO 4228 --- [main] s.w.s.m.m.a.RequestMappingHandlerMapping : Mapped "{[/services/deleteContractResource]}" onto public com.sinosteel.framework.core.web.Response com.sinosteel.metallurgical.contract.web.ContractController.deleteContractResource(com.sinosteel.framework.core.web.Request)
2017-05-22 20:29:34.904  INFO 4228 --- [main] s.w.s.m.m.a.RequestMappingHandlerMapping : Mapped "{[/services/addContract]}" onto public com.sinosteel.framework.core.web.Response com.sinosteel.metallurgical.contract.web.ContractController.addContract(com.sinosteel.framework.core.web.Request)
2017-05-22 20:29:34.905  INFO 4228 --- [main] s.w.s.m.m.a.RequestMappingHandlerMapping : Mapped "{[/services/deleteContract]}" onto public com.sinosteel.framework.core.web.Response com.sinosteel.metallurgical.contract.web.ContractController.deleteContract(com.sinosteel.framework.core.web.Request)
2017-05-22 20:29:34.905  INFO 4228 --- [main] s.w.s.m.m.a.RequestMappingHandlerMapping : Mapped "{[/services/editContract]}" onto public com.sinosteel.framework.core.web.Response com.sinosteel.metallurgical.contract.web.ContractController.editContract(com.sinosteel.framework.core.web.Request)
2017-05-22 20:29:34.906  INFO 4228 --- [main] s.w.s.m.m.a.RequestMappingHandlerMapping : Mapped "{[/services/queryContracts]}" onto public com.sinosteel.framework.core.web.Response com.sinosteel.metallurgical.contract.web.ContractController.queryContracts(com.sinosteel.framework.core.web.Request)
2017-05-22 20:29:34.908  INFO 4228 --- [main] s.w.s.m.m.a.RequestMappingHandlerMapping : Mapped "{[/services/deleteCustomerResource]}" onto public com.sinosteel.framework.core.web.Response com.sinosteel.metallurgical.contract.web.CustomerController.deleteCustomerResource(com.sinosteel.framework.core.web.Request)
2017-05-22 20:29:34.912  INFO 4228 --- [main] s.w.s.m.m.a.RequestMappingHandlerMapping : Mapped "{[/services/queryAllCustomers]}" onto public com.sinosteel.framework.core.web.Response com.sinosteel.metallurgical.contract.web.CustomerController.queryAllCustomers(com.sinosteel.framework.core.web.Request)
2017-05-22 20:29:34.913  INFO 4228 --- [main] s.w.s.m.m.a.RequestMappingHandlerMapping : Mapped "{[/services/editCustomer]}" onto public com.sinosteel.framework.core.web.Response com.sinosteel.metallurgical.contract.web.CustomerController.editCustomer(com.sinosteel.framework.core.web.Request)
2017-05-22 20:29:34.917  INFO 4228 --- [main] s.w.s.m.m.a.RequestMappingHandlerMapping : Mapped "{[/services/deleteCustomer]}" onto public com.sinosteel.framework.core.web.Response com.sinosteel.metallurgical.contract.web.CustomerController.deleteCustomer(com.sinosteel.framework.core.web.Request)
2017-05-22 20:29:34.919  INFO 4228 --- [main] s.w.s.m.m.a.RequestMappingHandlerMapping : Mapped "{[/services/queryCustomers]}" onto public com.sinosteel.framework.core.web.Response com.sinosteel.metallurgical.contract.web.CustomerController.queryCustomers(com.sinosteel.framework.core.web.Request)
2017-05-22 20:29:34.920  INFO 4228 --- [main] s.w.s.m.m.a.RequestMappingHandlerMapping : Mapped "{[/services/addCustomer]}" onto public com.sinosteel.framework.core.web.Response com.sinosteel.metallurgical.contract.web.CustomerController.addCustomer(com.sinosteel.framework.core.web.Request)
2017-05-22 20:29:34.923  INFO 4228 --- [main] s.w.s.m.m.a.RequestMappingHandlerMapping : Mapped "{[/services/deletePaymentResource]}" onto public com.sinosteel.framework.core.web.Response com.sinosteel.metallurgical.contract.web.PaymentController.deletePaymentResource(com.sinosteel.framework.core.web.Request)
2017-05-22 20:29:34.924  INFO 4228 --- [main] s.w.s.m.m.a.RequestMappingHandlerMapping : Mapped "{[/services/queryPayments]}" onto public com.sinosteel.framework.core.web.Response com.sinosteel.metallurgical.contract.web.PaymentController.queryPayments(com.sinosteel.framework.core.web.Request)
2017-05-22 20:29:34.924  INFO 4228 --- [main] s.w.s.m.m.a.RequestMappingHandlerMapping : Mapped "{[/services/addPayment]}" onto public com.sinosteel.framework.core.web.Response com.sinosteel.metallurgical.contract.web.PaymentController.addPayment(com.sinosteel.framework.core.web.Request)
2017-05-22 20:29:34.926  INFO 4228 --- [main] s.w.s.m.m.a.RequestMappingHandlerMapping : Mapped "{[/services/deletePayment]}" onto public com.sinosteel.framework.core.web.Response com.sinosteel.metallurgical.contract.web.PaymentController.deletePayment(com.sinosteel.framework.core.web.Request)
2017-05-22 20:29:34.927  INFO 4228 --- [main] s.w.s.m.m.a.RequestMappingHandlerMapping : Mapped "{[/services/editPayment]}" onto public com.sinosteel.framework.core.web.Response com.sinosteel.metallurgical.contract.web.PaymentController.editPayment(com.sinosteel.framework.core.web.Request)
2017-05-22 20:29:34.931  INFO 4228 --- [main] s.w.s.m.m.a.RequestMappingHandlerMapping : Mapped "{[/services/queryMostFrequentEvectionPlaces]}" onto public com.sinosteel.framework.core.web.Response com.sinosteel.metallurgical.journal.web.JournalController.queryMostFrequentEvectionPlaces()
2017-05-22 20:29:34.933  INFO 4228 --- [main] s.w.s.m.m.a.RequestMappingHandlerMapping : Mapped "{[/services/queryTotalsByPersonnels]}" onto public com.sinosteel.framework.core.web.Response com.sinosteel.metallurgical.journal.web.JournalController.queryTotalsByPersonnels(com.sinosteel.framework.core.web.Request)
2017-05-22 20:29:34.934  INFO 4228 --- [main] s.w.s.m.m.a.RequestMappingHandlerMapping : Mapped "{[/services/queryJournalsIncrement]}" onto public com.sinosteel.framework.core.web.Response com.sinosteel.metallurgical.journal.web.JournalController.queryJournalsIncrement()
2017-05-22 20:29:34.936  INFO 4228 --- [main] s.w.s.m.m.a.RequestMappingHandlerMapping : Mapped "{[/services/queryRatiosByProjects]}" onto public com.sinosteel.framework.core.web.Response com.sinosteel.metallurgical.journal.web.JournalController.queryRatiosByProjects()
2017-05-22 20:29:34.937  INFO 4228 --- [main] s.w.s.m.m.a.RequestMappingHandlerMapping : Mapped "{[/services/queryLeastJournalsPersonnel]}" onto public com.sinosteel.framework.core.web.Response com.sinosteel.metallurgical.journal.web.JournalController.queryLeastJournalsPersonnel()
2017-05-22 20:29:34.938  INFO 4228 --- [main] s.w.s.m.m.a.RequestMappingHandlerMapping : Mapped "{[/services/queryRatiosByPersonnels]}" onto public com.sinosteel.framework.core.web.Response com.sinosteel.metallurgical.journal.web.JournalController.queryRatiosByPersonnels()
2017-05-22 20:29:34.939  INFO 4228 --- [main] s.w.s.m.m.a.RequestMappingHandlerMapping : Mapped "{[/services/queryTotalsByProjects]}" onto public com.sinosteel.framework.core.web.Response com.sinosteel.metallurgical.journal.web.JournalController.queryTotalsByProjects(com.sinosteel.framework.core.web.Request)
2017-05-22 20:29:34.940  INFO 4228 --- [main] s.w.s.m.m.a.RequestMappingHandlerMapping : Mapped "{[/services/queryPersonalJournals]}" onto public com.sinosteel.framework.core.web.Response com.sinosteel.metallurgical.journal.web.JournalController.queryPersonalJournals(com.sinosteel.framework.core.web.Request)
2017-05-22 20:29:34.942  INFO 4228 --- [main] s.w.s.m.m.a.RequestMappingHandlerMapping : Mapped "{[/services/deleteJournalResource]}" onto public com.sinosteel.framework.core.web.Response com.sinosteel.metallurgical.journal.web.JournalController.deleteJournalResource(com.sinosteel.framework.core.web.Request)
2017-05-22 20:29:34.943  INFO 4228 --- [main] s.w.s.m.m.a.RequestMappingHandlerMapping : Mapped "{[/services/queryRatiosByMonths]}" onto public com.sinosteel.framework.core.web.Response com.sinosteel.metallurgical.journal.web.JournalController.queryRatiosByMonths()
2017-05-22 20:29:34.944  INFO 4228 --- [main] s.w.s.m.m.a.RequestMappingHandlerMapping : Mapped "{[/services/queryMostJournalsPersonnel]}" onto public com.sinosteel.framework.core.web.Response com.sinosteel.metallurgical.journal.web.JournalController.queryMostJournalsPersonnel()
2017-05-22 20:29:34.945  INFO 4228 --- [main] s.w.s.m.m.a.RequestMappingHandlerMapping : Mapped "{[/services/queryMostEvectionPersonnels]}" onto public com.sinosteel.framework.core.web.Response com.sinosteel.metallurgical.journal.web.JournalController.queryMostEvectionPersonnels()
2017-05-22 20:29:34.946  INFO 4228 --- [main] s.w.s.m.m.a.RequestMappingHandlerMapping : Mapped "{[/services/queryJournalsTotalAmount]}" onto public com.sinosteel.framework.core.web.Response com.sinosteel.metallurgical.journal.web.JournalController.queryJournalsTotalAmount()
2017-05-22 20:29:34.947  INFO 4228 --- [main] s.w.s.m.m.a.RequestMappingHandlerMapping : Mapped "{[/services/queryJournals]}" onto public com.sinosteel.framework.core.web.Response com.sinosteel.metallurgical.journal.web.JournalController.queryJournals(com.sinosteel.framework.core.web.Request)
2017-05-22 20:29:34.947  INFO 4228 --- [main] s.w.s.m.m.a.RequestMappingHandlerMapping : Mapped "{[/services/queryEvections]}" onto public com.sinosteel.framework.core.web.Response com.sinosteel.metallurgical.journal.web.JournalController.queryEvections(com.sinosteel.framework.core.web.Request)
2017-05-22 20:29:34.948  INFO 4228 --- [main] s.w.s.m.m.a.RequestMappingHandlerMapping : Mapped "{[/services/addJournal]}" onto public com.sinosteel.framework.core.web.Response com.sinosteel.metallurgical.journal.web.JournalController.addJournal(com.sinosteel.framework.core.web.Request)
2017-05-22 20:29:34.949  INFO 4228 --- [main] s.w.s.m.m.a.RequestMappingHandlerMapping : Mapped "{[/services/deleteJournal]}" onto public com.sinosteel.framework.core.web.Response com.sinosteel.metallurgical.journal.web.JournalController.deleteJournal(com.sinosteel.framework.core.web.Request)
2017-05-22 20:29:34.951  INFO 4228 --- [main] s.w.s.m.m.a.RequestMappingHandlerMapping : Mapped "{[/services/editJournal]}" onto public com.sinosteel.framework.core.web.Response com.sinosteel.metallurgical.journal.web.JournalController.editJournal(com.sinosteel.framework.core.web.Request)
2017-05-22 20:29:34.955  INFO 4228 --- [main] s.w.s.m.m.a.RequestMappingHandlerMapping : Mapped "{[/services/deleteStandardResource]}" onto public com.sinosteel.framework.core.web.Response com.sinosteel.metallurgical.knowledge.web.StandardController.deleteStandardResource(com.sinosteel.framework.core.web.Request)
2017-05-22 20:29:34.956  INFO 4228 --- [main] s.w.s.m.m.a.RequestMappingHandlerMapping : Mapped "{[/services/addStandard]}" onto public com.sinosteel.framework.core.web.Response com.sinosteel.metallurgical.knowledge.web.StandardController.addStandard(com.sinosteel.framework.core.web.Request)
2017-05-22 20:29:34.957  INFO 4228 --- [main] s.w.s.m.m.a.RequestMappingHandlerMapping : Mapped "{[/services/queryStandards]}" onto public com.sinosteel.framework.core.web.Response com.sinosteel.metallurgical.knowledge.web.StandardController.queryStandards(com.sinosteel.framework.core.web.Request)
2017-05-22 20:29:34.958  INFO 4228 --- [main] s.w.s.m.m.a.RequestMappingHandlerMapping : Mapped "{[/services/editStandard]}" onto public com.sinosteel.framework.core.web.Response com.sinosteel.metallurgical.knowledge.web.StandardController.editStandard(com.sinosteel.framework.core.web.Request)
2017-05-22 20:29:34.962  INFO 4228 --- [main] s.w.s.m.m.a.RequestMappingHandlerMapping : Mapped "{[/services/deleteStandard]}" onto public com.sinosteel.framework.core.web.Response com.sinosteel.metallurgical.knowledge.web.StandardController.deleteStandard(com.sinosteel.framework.core.web.Request)
2017-05-22 20:29:34.967  INFO 4228 --- [main] s.w.s.m.m.a.RequestMappingHandlerMapping : Mapped "{[/services/queryAllPersonnels]}" onto public com.sinosteel.framework.core.web.Response com.sinosteel.metallurgical.personnel.web.PersonnelController.queryAllPersonnels(com.sinosteel.framework.core.web.Request)
2017-05-22 20:29:34.968  INFO 4228 --- [main] s.w.s.m.m.a.RequestMappingHandlerMapping : Mapped "{[/services/deletePersonnel]}" onto public com.sinosteel.framework.core.web.Response com.sinosteel.metallurgical.personnel.web.PersonnelController.deletePersonnel(com.sinosteel.framework.core.web.Request)
2017-05-22 20:29:34.970  INFO 4228 --- [main] s.w.s.m.m.a.RequestMappingHandlerMapping : Mapped "{[/services/deleteResume]}" onto public com.sinosteel.framework.core.web.Response com.sinosteel.metallurgical.personnel.web.PersonnelController.deleteResume(com.sinosteel.framework.core.web.Request)
2017-05-22 20:29:34.971  INFO 4228 --- [main] s.w.s.m.m.a.RequestMappingHandlerMapping : Mapped "{[/services/queryPersonnels]}" onto public com.sinosteel.framework.core.web.Response com.sinosteel.metallurgical.personnel.web.PersonnelController.queryPersonnels(com.sinosteel.framework.core.web.Request)
2017-05-22 20:29:34.971  INFO 4228 --- [main] s.w.s.m.m.a.RequestMappingHandlerMapping : Mapped "{[/services/addPersonnel]}" onto public com.sinosteel.framework.core.web.Response com.sinosteel.metallurgical.personnel.web.PersonnelController.addPersonnel(com.sinosteel.framework.core.web.Request)
2017-05-22 20:29:34.972  INFO 4228 --- [main] s.w.s.m.m.a.RequestMappingHandlerMapping : Mapped "{[/services/editPersonnel]}" onto public com.sinosteel.framework.core.web.Response com.sinosteel.metallurgical.personnel.web.PersonnelController.editPersonnel(com.sinosteel.framework.core.web.Request)
2017-05-22 20:29:34.974  INFO 4228 --- [main] s.w.s.m.m.a.RequestMappingHandlerMapping : Mapped "{[/services/addMilestone]}" onto public com.sinosteel.framework.core.web.Response com.sinosteel.metallurgical.project.web.MilestoneController.addMilestone(com.sinosteel.framework.core.web.Request)
2017-05-22 20:29:34.975  INFO 4228 --- [main] s.w.s.m.m.a.RequestMappingHandlerMapping : Mapped "{[/services/editMilestone]}" onto public com.sinosteel.framework.core.web.Response com.sinosteel.metallurgical.project.web.MilestoneController.editMilestone(com.sinosteel.framework.core.web.Request)
2017-05-22 20:29:34.975  INFO 4228 --- [main] s.w.s.m.m.a.RequestMappingHandlerMapping : Mapped "{[/services/queryMilestones]}" onto public com.sinosteel.framework.core.web.Response com.sinosteel.metallurgical.project.web.MilestoneController.queryMilestones(com.sinosteel.framework.core.web.Request)
2017-05-22 20:29:34.978  INFO 4228 --- [main] s.w.s.m.m.a.RequestMappingHandlerMapping : Mapped "{[/services/deleteMilestone]}" onto public com.sinosteel.framework.core.web.Response com.sinosteel.metallurgical.project.web.MilestoneController.deleteMilestone(com.sinosteel.framework.core.web.Request)
2017-05-22 20:29:34.980  INFO 4228 --- [main] s.w.s.m.m.a.RequestMappingHandlerMapping : Mapped "{[/services/queryAllProjects]}" onto public com.sinosteel.framework.core.web.Response com.sinosteel.metallurgical.project.web.ProjectController.queryAllProjects(com.sinosteel.framework.core.web.Request)
2017-05-22 20:29:34.980  INFO 4228 --- [main] s.w.s.m.m.a.RequestMappingHandlerMapping : Mapped "{[/services/queryProjects]}" onto public com.sinosteel.framework.core.web.Response com.sinosteel.metallurgical.project.web.ProjectController.queryProjects(com.sinosteel.framework.core.web.Request)
2017-05-22 20:29:34.982  INFO 4228 --- [main] s.w.s.m.m.a.RequestMappingHandlerMapping : Mapped "{[/services/deleteProject]}" onto public com.sinosteel.framework.core.web.Response com.sinosteel.metallurgical.project.web.ProjectController.deleteProject(com.sinosteel.framework.core.web.Request)
2017-05-22 20:29:34.985  INFO 4228 --- [main] s.w.s.m.m.a.RequestMappingHandlerMapping : Mapped "{[/services/editProject]}" onto public com.sinosteel.framework.core.web.Response com.sinosteel.metallurgical.project.web.ProjectController.editProject(com.sinosteel.framework.core.web.Request)
2017-05-22 20:29:34.986  INFO 4228 --- [main] s.w.s.m.m.a.RequestMappingHandlerMapping : Mapped "{[/services/addProject]}" onto public com.sinosteel.framework.core.web.Response com.sinosteel.metallurgical.project.web.ProjectController.addProject(com.sinosteel.framework.core.web.Request)
2017-05-22 20:29:34.988  INFO 4228 --- [main] s.w.s.m.m.a.RequestMappingHandlerMapping : Mapped "{[/services/queryAllTopics]}" onto public com.sinosteel.framework.core.web.Response com.sinosteel.metallurgical.project.web.TopicController.queryAllTopics(com.sinosteel.framework.core.web.Request)
2017-05-22 20:29:34.990  INFO 4228 --- [main] s.w.s.m.m.a.RequestMappingHandlerMapping : Mapped "{[/services/queryTopics]}" onto public com.sinosteel.framework.core.web.Response com.sinosteel.metallurgical.project.web.TopicController.queryTopics(com.sinosteel.framework.core.web.Request)
2017-05-22 20:29:34.997  INFO 4228 --- [main] s.w.s.m.m.a.RequestMappingHandlerMapping : Mapped "{[/services/addTopic]}" onto public com.sinosteel.framework.core.web.Response com.sinosteel.metallurgical.project.web.TopicController.addTopic(com.sinosteel.framework.core.web.Request)
2017-05-22 20:29:35.002  INFO 4228 --- [main] s.w.s.m.m.a.RequestMappingHandlerMapping : Mapped "{[/services/editTopic]}" onto public com.sinosteel.framework.core.web.Response com.sinosteel.metallurgical.project.web.TopicController.editTopic(com.sinosteel.framework.core.web.Request)
2017-05-22 20:29:35.004  INFO 4228 --- [main] s.w.s.m.m.a.RequestMappingHandlerMapping : Mapped "{[/services/deleteTopic]}" onto public com.sinosteel.framework.core.web.Response com.sinosteel.metallurgical.project.web.TopicController.deleteTopic(com.sinosteel.framework.core.web.Request)
2017-05-22 20:29:35.008  INFO 4228 --- [main] s.w.s.m.m.a.RequestMappingHandlerMapping : Mapped "{[/error]}" onto public org.springframework.http.ResponseEntity<java.util.Map<java.lang.String, java.lang.Object>> org.springframework.boot.autoconfigure.web.BasicErrorController.error(javax.servlet.http.HttpServletRequest)
2017-05-22 20:29:35.009  INFO 4228 --- [main] s.w.s.m.m.a.RequestMappingHandlerMapping : Mapped "{[/error],produces=[text/html]}" onto public org.springframework.web.servlet.ModelAndView org.springframework.boot.autoconfigure.web.BasicErrorController.errorHtml(javax.servlet.http.HttpServletRequest,javax.servlet.http.HttpServletResponse)
2017-05-22 20:29:36.230  INFO 4228 --- [main] o.s.w.s.handler.SimpleUrlHandlerMapping  : Mapped URL path [/webjars/**] onto handler of type [class org.springframework.web.servlet.resource.ResourceHttpRequestHandler]
2017-05-22 20:29:36.233  INFO 4228 --- [main] o.s.w.s.handler.SimpleUrlHandlerMapping  : Mapped URL path [/**] onto handler of type [class org.springframework.web.servlet.resource.ResourceHttpRequestHandler]
2017-05-22 20:29:36.285  INFO 4228 --- [main] .m.m.a.ExceptionHandlerExceptionResolver : Detected @ExceptionHandler methods in globalExceptionHandler
2017-05-22 20:29:36.344  INFO 4228 --- [main] o.s.w.s.handler.SimpleUrlHandlerMapping  : Mapped URL path [/**/favicon.ico] onto handler of type [class org.springframework.web.servlet.resource.ResourceHttpRequestHandler]
2017-05-22 20:29:37.151  INFO 4228 --- [main] o.s.j.e.a.AnnotationMBeanExporter        : Registering beans for JMX exposure on startup
2017-05-22 20:29:37.166  INFO 4228 --- [main] o.s.j.e.a.AnnotationMBeanExporter        : Bean with name 'dataSource' has been autodetected for JMX exposure
2017-05-22 20:29:37.181  INFO 4228 --- [main] o.s.j.e.a.AnnotationMBeanExporter        : Located MBean 'dataSource': registering with JMX server as MBean [com.alibaba.druid.pool:name=dataSource,type=DruidDataSource]
2017-05-22 20:29:37.798  INFO 4228 --- [main] s.b.c.e.t.TomcatEmbeddedServletContainer : Tomcat started on port(s): 8000 (http)
2017-05-22 20:29:37.808  INFO 4228 --- [main] com.sinosteel.FrameworkApplication       : Started FrameworkApplication in 27.624 seconds (JVM running for 31.924)
2017-05-22 20:30:24.470  INFO 4228 --- [http-nio-8000-exec-4] o.a.c.c.C.[Tomcat].[localhost].[/]       : Initializing Spring FrameworkServlet 'dispatcherServlet'
2017-05-22 20:30:24.471  INFO 4228 --- [http-nio-8000-exec-4] o.s.web.servlet.DispatcherServlet        : FrameworkServlet 'dispatcherServlet': initialization started
2017-05-22 20:30:24.519  INFO 4228 --- [http-nio-8000-exec-4] o.s.web.servlet.DispatcherServlet        : FrameworkServlet 'dispatcherServlet': initialization completed in 47 ms
